Data missing times:65
Data executed times:47218
Data ratio:0.00137659


Data missing times:11966
Data executed times:27654
Data ratio:0.432704


Data missing times:314
Data executed times:715
Data ratio:0.439161


Data missing times:65
Data executed times:49220
Data ratio:0.0013206


Data missing times:12251
Data executed times:28365
Data ratio:0.431906


Data missing times:606
Data executed times:1433
Data ratio:0.422889


test.sh: 第 12 列：16704 強制結束            sudo ./t3rm
test.sh: 第 13 列：16703 強制結束            sudo ./t1rm
[1]-  強制結束            sudo ./t1rm
[2]+  強制結束            sudo ./t3rm
