0
2196
2296
2526
2772
2970
3011
2987
2994
2975
2976
2998
2989
2980
2988
2970
3007
2978
2979
2974
2992
2968
2981
2992
2989
2982
3008
3016
2990
3019
2985
2961
2979
2972
3003
2983
2985
2977
3014
2969
2995
2968
2985
2983
2977
2970
2977
2995
2975
3000
2975
2979
2992
2972
2979
2961
3018
2967
2988
2977
2979
2992
2963
2974
2966
2979
2966
2996
2967
2993
2993
2984
2983
2968
2994
2973
2981
2987
2998
2970
2985
2976
2973
2971
3016
2978
3000
2974
2969
2974
2974
2986
2981
2972
3013
2999
2984
2983
2973
2961
2988
2992
2984
2967
2976
2971
3002
9949
6447
4943
4161
3558
3075
2710
2440
2180
2080
2192
2073
2081
2066
2094
2069
2074
2070
2075
2077
2071
2080
2063
2084
2072
2077
2078
2066
2115
2087
2081
2067
2075
2103
2070
2071
2085
2196
2087
2090
2089
2101
2064
2079
2070
2066
2078
2087
2068
2073
2077
2071
2081
2081
2068
2079
2106
2082
2075
2071
2196
2071
2091
2071
2081
2074
2073
2074
2157
2072
2270
2074
2119
2092
2069
2066
2073
2078
2070
2078
2082
2073
2092
2087
2082
2088
2152
2111
2081
2073
2120
2162
2086
2085
2086
2115
2089
2107
2075
2065
2075
2066
2088
2071
2176
2074
2097
2069
2093
2077
2071
2079
2087
2086
2073
2090
2084
2078
2083
2067
2080
2108
2109
2159
2093
2072
2120
2158
2086
2074
2060
2090
2074
2078
2074
2090
2085
2082
2077
2090
2147
2073
2088
2076
2143
2077
2086
2093
2073
2110
2069
2076
2090
2074
2077
2073
2083
2088
2088
2082
2081
2077
2073
2194
2062
2123
2103
2159
2075
2092
2076
2087
2086
2069
2079
2071
2092
2095
2073
2082
2066
2084
2076
2072
2112
2074
2208
2070
2078
2075
2174
2994
2216
9987
9387
6156
4751
3997
3436
2980
2645
2386
2166
2067
2072
2178
2089
2072
2084
2110
2095
2125
2066
2089
2077
2079
2078
2060
2170
2070
2082
2080
2083
2076
2192
2081
2082
2080
2066
2084
2070
2073
2091
2223
2232
2233
2266
2241
2232
2218
2259
2227
2237
2245
2232
2257
2230
2235
2215
2237
2229
2231
2234
2227
2230
2221
2236
2221
2231
2227
2267
2247
2237
2243
2228
2255
2235
2257
2242
2232
2241
2221
2257
2221
2247
2235
2228
2231
2226
2238
2260
2237
2233
2237
2240
2225
2255
2230
2237
2250
2251
2242
2221
2239
2228
2257
2260
2246
2226
2260
2231
2222
2259
2229
2230
2240
2225
2241
2221
2234
2228
2248
2250
2237
2242
2232
2229
2241
2247
2234
2239
2230
2224
2236
2244
2264
2236
2242
2152
2082
2163
2068
2354
2221
2128
2121
2134
2120
2144
2125
2138
2121
2144
2120
2125
2122
2131
2138
2116
2133
2122
2131
2142
2130
2173
2122
2125
2135
2139
2122
2142
2126
2119
2138
2122
2135
2115
2142
2126
2184
2129
2115
2128
2116
2130
2124
2126
2126
2126
2128
2130
2990
2126
2115
2128
2116
2133
2122
2150
2138
2115
2127
2135
2132
2134
2142
2131
2118
2137
2118
2141
2119
2131
2123
2122
2126
2122
2133
2113
2129
2123
2126
2141
2120
2138
2117
2139
2126
2126
2138
2136
2148
2121
2148
2132
2125
2137
2144
2127
2121
2127
2118
2130
2110
2130
2131
2139
2130
2130
2136
2122
2144
2120
2123
2143
2115
2130
2120
2128
2124
2159
2122
2125
2136
2120
2148
2130
2130
2127
2117
2142
2121
2132
2124
2123
2126
2115
2139
2168
2138
2126
2129
2132
2123
2127
2115
2137
2124
2130
2169
2122
2129
2124
2139
2128
2125
2144
2153
2136
2128
2138
2131
2129
2131
2122
2142
2137
2138
2122
2132
2134
2139
2132
2120
2124
2116
2136
2124
2125
2127
2116
2135
2128
2128
2118
2172
2138
2119
2128
2116
2127
2140
2145
2127
2152
2134
2119
2138
2119
2154
2118
2139
2133
2131
2123
2129
2138
2136
2144
2122
2129
2132
2145
2123
2149
2128
2107
2131
2159
2136
2159
2123
2117
2125
2129
2165
2145
2125
2133
2119
2128
2128
2130
2122
2127
2129
2107
2133
2109
2126
2120
2140
2122
2899
2122
2237
2128
2132
2123
2119
2116
2118
2133
2122
2132
2126
2130
2218
2120
2124
2120
2129
2115
2121
2124
2166
2129
2126
2135
2117
2126
2110
2122
2137
2121
2129
2122
2127
2125
2127
2122
2115
2125
2111
2140
2119
2126
2133
2139
2138
2138
2127
2123
2119
2124
2158
2119
2097
2116
2116
2127
2117
2121
2121
2129
2124
2122
2144
2135
2128
2115
2128
2123
2125
2131
2123
2128
2115
2140
2115
2135
2159
2115
2122
2122
2135
2115
2128
2119
2128
2139
2129
2135
2114
2126
2128
2125
2120
2128
2165
2126
2126
2120
2125
2120
2131
2123
2125
2116
2139
2141
2115
2122
2118
2141
2134
2130
2136
2143
2133
2167
2137
2139
2128
2122
2130
2115
2125
2115
2112
2136
2166
2130
2123
2125
2114
2124
2123
2127
2126
2150
2153
2125
2142
2134
2135
2141
2123
2118
2133
2115
2125
2127
2122
2126
2125
2132
2123
2131
2203
2152
2126
2137
2137
2119
2117
2122
2142
2124
2120
2135
2129
2154
2129
2120
2133
2134
2128
2130
2126
2128
2114
2124
2131
2133
2123
2131
2122
2130
2131
2131
2128
2118
2141
2127
2139
2155
2130
10019
8126
5474
4333
3633
3118
2710
2412
2210
2182
2180
2182
2181
2191
2181
2176
2186
2173
2183
2186
2206
2172
2184
2192
2172
2179
2194
2174
2179
2176
2178
2171
2177
2177
2177
2182
2176
2186
2176
2179
2170
2176
2180
2174
2185
2208
2203
2198
2197
2207
2163
2163
2169
2175
2172
2182
2191
2170
2182
2174
2183
2170
2180
2177
2181
2177
2167
2186
2188
2180
2167
2188
2176
2170
2196
2174
2175
2171
2187
2183
2189
2181
2183
2199
2157
2200
2178
2181
2171
2195
2176
2177
2188
2204
2180
2177
2193
2180
2192
2180
2233
2176
2204
2175
2171
2178
2165
2210
2185
2206
2183
2175
2192
2176
2183
2184
2172
2188
2176
2186
2171
2177
2191
2193
2181
2174
2191
2174
2182
2181
2180
2182
2169
2183
2176
2187
2178
2174
2183
2167
2168
2160
2175
2171
2182
2176
2184
2168
2179
2180
2176
2169
2172
2178
2175
2175
2183
2192
2188
2179
2208
2181
2183
2176
2173
2190
2165
2193
2181
2171
2172
2175
2176
2181
2176
2184
2181
2184
2222
2180
2165
2181
2170
2191
2166
2179
2180
2185
2168
2173
2161
2180
2182
2172
2174
2158
2170
2181
2175
2174
2188
2183
2188
2185
2205
2179
2175
2170
2171
2176
2190
2188
2176
2183
2167
2202
2161
2202
2180
2182
2173
2188
2179
2175
2175
2171
2172
2176
2169
2178
2169
2181
2179
2169
2178
2172
2189
2176
2179
2172
2210
2171
2176
2165
2168
2182
2177
2174
2174
2161
2188
2173
2193
2180
2175
2169
2190
2179
2174
2175
2177
2172
2182
2172
2187
2176
2182
2172
2181
2180
2181
2173
2175
2159
2172
2180
2174
2188
2189
2267
2187
2164
2189
2174
2190
2185
2190
2205
2171
2169
2168
2170
2167
2185
2188
2186
2171
2173
2179
2170
2179
2175
2170
2174
2175
2191
2172
2189
2174
2181
2183
2182
2174
2183
2175
2177
2178
2171
2181
2163
2201
2173
2180
2172
2177
2171
2176
2192
2189
2183
2178
2166
2180
2177
2178
2169
2187
2157
2182
2186
2191
2191
2182
2181
2173
2195
2172
2175
2181
2201
2178
2177
2178
2166
2179
2172
2177
2161
2205
2214
2193
9971
9766
6313
4856
4089
3552
3075
2726
2425
2175
2150
1974
2014
1986
2038
1988
2077
2024
2637
2192
2185
2174
2185
2172
2194
2180
2191
2175
2195
2180
2174
2197
2190
2180
2172
2177
2171
2189
2184
2170
2177
2175
2176
2172
2183
2168
2208
2191
2188
2195
2177
2196
2182
2182
2183
2177
2187
2167
2179
2174
2192
2188
2181
2161
2179
2180
2187
2170
2184
2185
2166
2177
2189
2162
2175
2174
2197
2176
2167
2174
2179
2223
2178
2181
2185
2184
2160
2173
2174
2178
2175
2185
2185
2190
2178
2174
2168
2167
2164
2174
2179
2172
2176
2184
2176
2187
2158
2176
2175
2195
2189
2161
2199
2170
2181
2166
2177
2183
2179
2197
2176
2168
2168
2177
2188
2174
2196
2183
2188
2211
2193
2173
2182
2167
2179
2212
2199
2167
2190
2174
2180
2174
2177
2172
2178
2178
2241
2192
2165
2203
2181
2180
2205
2225
2176
2199
2161
2172
2179
2170
2178
2174
2184
2193
2193
2176
2170
2178
2156
2179
2177
2176
2173
2192
2173
2178
2178
2189
2173
2182
2182
2178
2223
2165
2161
2179
2178
2178
2166
2188
2180
2175
2183
2219
2189
2188
2181
2172
2166
2190
2195
2170
2179
2181
2199
2178
2163
2175
2174
2178
2208
2476
2178
2182
2206
2183
2173
2197
2172
2185
2176
2183
2178
2171
2184
2183
2176
2179
2205
2179
2182
2181
2175
2187
2186
2167
2177
2167
2179
2176
2182
2172
2184
2180
2167
2179
2174
2196
2201
2189
2179
2181
2174
2174
2183
2172
2175
2185
2176
2195
2168
2178
2174
2189
2175
2174
2184
2171
2188
2171
2176
2190
2174
2176
2175
2197
2169
2181
2219
2196
2192
2188
2175
2188
2191
2167
2178
2174
2177
2180
2188
2182
2173
2182
2188
2180
2192
2183
2186
2174
2190
2174
2180
2188
2187
2171
2188
2180
2174
2185
2183
2185
2174
2192
2176
2179
2187
2167
2177
2188
2195
2167
2179
2175
2181
2177
2175
2188
2171
2188
2176
2172
2183
2187
2181
2174
2189
2167
2185
2183
2183
2190
2176
2181
2173
2183
2174
2182
2189
2180
2184
2167
2191
2167
2187
2174
2182
2190
2192
2188
2191
2178
2177
2180
2176
2194
2174
2178
2188
2180
2178
2204
2187
2174
2184
2181
2183
2170
2181
2190
2187
2178
2182
2183
2183
2181
2175
2191
2175
2195
2177
2167
2185
2189
2189
2166
2197
2171
2194
2192
2172
2186
2167
2187
2239
2227
2263
10033
8310
5554
4385
3586
3154
2748
2415
2177
2178
2174
2180
2163
2180
2172
2176
2176
2186
2178
2168
2179
2172
2175
2168
2182
2179
2177
2178
2175
2186
2175
2189
2175
2180
2176
2177
2184
2173
2188
2181
2180
2190
2170
2178
2170
2180
2170
2187
2271
2276
9997
9715
6310
4853
4078
3496
3052
2703
2417
2192
2105
2100
2217
2037
2057
2030
2027
2079
2032
2040
2026
2027
2035
2033
2033
2241
2040
2102
2056
2217
2055
2055
2035
2431
2043
2261
2106
2034
2163
2027
2031
2028
2039
2076
2025
2034
2113
2075
2244
2033
2028
2025
2039
2028
2050
2036
2033
2060
2055
2191
2055
2207
2022
2152
2026
2034
2281
2019
2039
2060
2232
2111
2066
2091
2159
2102
2088
2071
2080
2070
9939
9860
6441
4908
4152
3530
3074
2705
2410
2188
2019
2064
2040
2099
2039
2181
2039
2039
2046
2037
2023
2058
2021
2029
2026
2040
2032
2025
2027
2044
2106
2025
2205
2058
2035
2074
2183
2031
2025
2034
2039
2022
2036
2022
2075
2231
2033
2026
2038
2244
2039
2052
2025
2983
9950
9720
6300
4867
4070
3497
3073
2716
2426
2179
2153
2178
2175
2093
2086
2080
2073
2078
2075
2087
2085
2093
2087
2077
2125
2156
2073
2125
2069
2196
2078
2066
2084
2066
2103
2066
2089
2069
2088
2089
2073
2085
2071
2082
2071
2069
2076
2070
2150
2081
2112
2066
2152
2074
2086
2073
2074
2085
2071
2081
2076
2073
2140
2137
2178
2174
2184
2181
2449
2281
2170
2188
2172
2187
2176
2187
2170
2193
2192
2180
2185
2180
2185
2205
2196
2187
2190
2167
2185
2201
2180
2187
2182
2174
2205
2187
2175
2174
2182
2206
2165
2179
2186
2167
2183
2190
2177
2174
2194
2183
2188
2199
2167
2192
2174
2184
2190
2174
2184
2173
2189
2176
2200
2186
2194
2185
2167
2181
2174
2190
2190
2181
2186
2182
2193
2176
2181
2171
2180
2171
2182
2189
2172
2180
2167
2202
2173
2182
2184
2184
2190
2167
2182
2191
2169
2178
2174
2174
2172
2175
2173
2183
2181
2167
2195
2174
2176
2167
2191
2185
2172
2185
2181
